27-Sep-2018 14:21:10.707 INFO [main] org.apache.catalina.startup.VersionLoggerListener.log Server version:        Apache Tomcat/8.0.53
27-Sep-2018 14:21:10.716 INFO [main] org.apache.catalina.startup.VersionLoggerListener.log Server built:          Jun 29 2018 14:42:45 UTC
27-Sep-2018 14:21:10.717 INFO [main] org.apache.catalina.startup.VersionLoggerListener.log Server number:         8.0.53.0
27-Sep-2018 14:21:10.717 INFO [main] org.apache.catalina.startup.VersionLoggerListener.log OS Name:               Windows 10
27-Sep-2018 14:21:10.717 INFO [main] org.apache.catalina.startup.VersionLoggerListener.log OS Version:            10.0
27-Sep-2018 14:21:10.717 INFO [main] org.apache.catalina.startup.VersionLoggerListener.log Architecture:          amd64
27-Sep-2018 14:21:10.718 INFO [main] org.apache.catalina.startup.VersionLoggerListener.log Java Home:             C:\Program Files\Java\jdk1.8.0_152\jre
27-Sep-2018 14:21:10.718 INFO [main] org.apache.catalina.startup.VersionLoggerListener.log JVM Version:           1.8.0_152-b16
27-Sep-2018 14:21:10.718 INFO [main] org.apache.catalina.startup.VersionLoggerListener.log JVM Vendor:            Oracle Corporation
27-Sep-2018 14:21:10.718 INFO [main] org.apache.catalina.startup.VersionLoggerListener.log CATALINA_BASE:         C:\Users\M1044693\Desktop\apache-tomcat-8.0.53
27-Sep-2018 14:21:10.718 INFO [main] org.apache.catalina.startup.VersionLoggerListener.log CATALINA_HOME:         C:\Users\M1044693\Desktop\apache-tomcat-8.0.53
27-Sep-2018 14:21:10.718 INFO [main] org.apache.catalina.startup.VersionLoggerListener.log Command line argument: -Djava.util.logging.config.file=C:\Users\M1044693\Desktop\apache-tomcat-8.0.53\conf\logging.properties
27-Sep-2018 14:21:10.719 INFO [main] org.apache.catalina.startup.VersionLoggerListener.log Command line argument: -Djava.util.logging.manager=org.apache.juli.ClassLoaderLogManager
27-Sep-2018 14:21:10.719 INFO [main] org.apache.catalina.startup.VersionLoggerListener.log Command line argument: -Djdk.tls.ephemeralDHKeySize=2048
27-Sep-2018 14:21:10.719 INFO [main] org.apache.catalina.startup.VersionLoggerListener.log Command line argument: -Djava.protocol.handler.pkgs=org.apache.catalina.webresources
27-Sep-2018 14:21:10.719 INFO [main] org.apache.catalina.startup.VersionLoggerListener.log Command line argument: -Dignore.endorsed.dirs=
27-Sep-2018 14:21:10.720 INFO [main] org.apache.catalina.startup.VersionLoggerListener.log Command line argument: -Dcatalina.base=C:\Users\M1044693\Desktop\apache-tomcat-8.0.53
27-Sep-2018 14:21:10.720 INFO [main] org.apache.catalina.startup.VersionLoggerListener.log Command line argument: -Dcatalina.home=C:\Users\M1044693\Desktop\apache-tomcat-8.0.53
27-Sep-2018 14:21:10.721 INFO [main] org.apache.catalina.startup.VersionLoggerListener.log Command line argument: -Djava.io.tmpdir=C:\Users\M1044693\Desktop\apache-tomcat-8.0.53\temp
27-Sep-2018 14:21:10.722 INFO [main] org.apache.catalina.core.AprLifecycleListener.lifecycleEvent Loaded APR based Apache Tomcat Native library 1.2.17 using APR version 1.6.3.
27-Sep-2018 14:21:10.723 INFO [main] org.apache.catalina.core.AprLifecycleListener.lifecycleEvent APR capabilities: IPv6 [true], sendfile [true], accept filters [false], random [true].
27-Sep-2018 14:21:11.508 INFO [main] org.apache.catalina.core.AprLifecycleListener.initializeSSL OpenSSL successfully initialized (OpenSSL 1.0.2o  27 Mar 2018)
27-Sep-2018 14:21:11.647 INFO [main] org.apache.coyote.AbstractProtocol.init Initializing ProtocolHandler ["http-apr-8080"]
27-Sep-2018 14:21:11.662 INFO [main] org.apache.coyote.AbstractProtocol.init Initializing ProtocolHandler ["ajp-apr-8009"]
27-Sep-2018 14:21:11.664 INFO [main] org.apache.catalina.startup.Catalina.load Initialization processed in 1506 ms
27-Sep-2018 14:21:11.708 INFO [main] org.apache.catalina.core.StandardService.startInternal Starting service Catalina
27-Sep-2018 14:21:11.709 INFO [main] org.apache.catalina.core.StandardEngine.startInternal Starting Servlet Engine: Apache Tomcat/8.0.53
27-Sep-2018 14:21:11.733 INFO [localhost-startStop-1] org.apache.catalina.startup.HostConfig.deployDirectory Deploying web application directory C:\Users\M1044693\Desktop\apache-tomcat-8.0.53\webapps\docs
27-Sep-2018 14:21:12.294 WARNING [localhost-startStop-1] org.apache.catalina.util.SessionIdGeneratorBase.createSecureRandom Creation of SecureRandom instance for session ID generation using [SHA1PRNG] took [157] milliseconds.
27-Sep-2018 14:21:12.316 INFO [localhost-startStop-1] org.apache.catalina.startup.HostConfig.deployDirectory Deployment of web application directory C:\Users\M1044693\Desktop\apache-tomcat-8.0.53\webapps\docs has finished in 583 ms
27-Sep-2018 14:21:12.317 INFO [localhost-startStop-1] org.apache.catalina.startup.HostConfig.deployDirectory Deploying web application directory C:\Users\M1044693\Desktop\apache-tomcat-8.0.53\webapps\examples
27-Sep-2018 14:21:12.867 INFO [localhost-startStop-1] org.apache.catalina.startup.HostConfig.deployDirectory Deployment of web application directory C:\Users\M1044693\Desktop\apache-tomcat-8.0.53\webapps\examples has finished in 551 ms
27-Sep-2018 14:21:12.867 INFO [localhost-startStop-1] org.apache.catalina.startup.HostConfig.deployDirectory Deploying web application directory C:\Users\M1044693\Desktop\apache-tomcat-8.0.53\webapps\host-manager
27-Sep-2018 14:21:12.911 INFO [localhost-startStop-1] org.apache.catalina.startup.HostConfig.deployDirectory Deployment of web application directory C:\Users\M1044693\Desktop\apache-tomcat-8.0.53\webapps\host-manager has finished in 44 ms
27-Sep-2018 14:21:12.912 INFO [localhost-startStop-1] org.apache.catalina.startup.HostConfig.deployDirectory Deploying web application directory C:\Users\M1044693\Desktop\apache-tomcat-8.0.53\webapps\manager
27-Sep-2018 14:21:12.962 INFO [localhost-startStop-1] org.apache.catalina.startup.HostConfig.deployDirectory Deployment of web application directory C:\Users\M1044693\Desktop\apache-tomcat-8.0.53\webapps\manager has finished in 50 ms
27-Sep-2018 14:21:12.963 INFO [localhost-startStop-1] org.apache.catalina.startup.HostConfig.deployDirectory Deploying web application directory C:\Users\M1044693\Desktop\apache-tomcat-8.0.53\webapps\ROOT
27-Sep-2018 14:21:13.001 INFO [localhost-startStop-1] org.apache.catalina.startup.HostConfig.deployDirectory Deployment of web application directory C:\Users\M1044693\Desktop\apache-tomcat-8.0.53\webapps\ROOT has finished in 38 ms
27-Sep-2018 14:21:13.006 INFO [main] org.apache.coyote.AbstractProtocol.start Starting ProtocolHandler ["http-apr-8080"]
27-Sep-2018 14:21:13.029 INFO [main] org.apache.coyote.AbstractProtocol.start Starting ProtocolHandler ["ajp-apr-8009"]
27-Sep-2018 14:21:13.040 INFO [main] org.apache.catalina.startup.Catalina.start Server startup in 1374 ms
27-Sep-2018 14:21:13.049 SEVERE [main] org.apache.catalina.core.StandardServer.await StandardServer.await: create[localhost:8005]: 
 java.net.BindException: Address already in use: JVM_Bind
	at java.net.DualStackPlainSocketImpl.bind0(Native Method)
	at java.net.DualStackPlainSocketImpl.socketBind(DualStackPlainSocketImpl.java:106)
	at java.net.AbstractPlainSocketImpl.bind(AbstractPlainSocketImpl.java:387)
	at java.net.PlainSocketImpl.bind(PlainSocketImpl.java:190)
	at java.net.ServerSocket.bind(ServerSocket.java:375)
	at java.net.ServerSocket.<init>(ServerSocket.java:237)
	at org.apache.catalina.core.StandardServer.await(StandardServer.java:438)
	at org.apache.catalina.startup.Catalina.await(Catalina.java:729)
	at org.apache.catalina.startup.Catalina.start(Catalina.java:675)
	at sun.reflect.NativeMethodAccessorImpl.invoke0(Native Method)
	at sun.reflect.NativeMethodAccessorImpl.invoke(NativeMethodAccessorImpl.java:62)
	at sun.reflect.DelegatingMethodAccessorImpl.invoke(DelegatingMethodAccessorImpl.java:43)
	at java.lang.reflect.Method.invoke(Method.java:498)
	at org.apache.catalina.startup.Bootstrap.start(Bootstrap.java:349)
	at org.apache.catalina.startup.Bootstrap.main(Bootstrap.java:483)

27-Sep-2018 14:21:13.050 INFO [main] org.apache.coyote.AbstractProtocol.pause Pausing ProtocolHandler ["http-apr-8080"]
27-Sep-2018 14:21:13.107 INFO [main] org.apache.coyote.AbstractProtocol.pause Pausing ProtocolHandler ["ajp-apr-8009"]
27-Sep-2018 14:21:13.162 INFO [main] org.apache.catalina.core.StandardService.stopInternal Stopping service Catalina
27-Sep-2018 14:21:13.235 INFO [main] org.apache.coyote.AbstractProtocol.stop Stopping ProtocolHandler ["http-apr-8080"]
27-Sep-2018 14:21:13.293 INFO [main] org.apache.coyote.AbstractProtocol.stop Stopping ProtocolHandler ["ajp-apr-8009"]
27-Sep-2018 14:21:13.351 INFO [main] org.apache.coyote.AbstractProtocol.destroy Destroying ProtocolHandler ["http-apr-8080"]
27-Sep-2018 14:21:13.353 INFO [main] org.apache.coyote.AbstractProtocol.destroy Destroying ProtocolHandler ["ajp-apr-8009"]
27-Sep-2018 14:29:47.830 INFO [main] org.apache.catalina.startup.VersionLoggerListener.log Server version:        Apache Tomcat/8.0.53
27-Sep-2018 14:29:47.834 INFO [main] org.apache.catalina.startup.VersionLoggerListener.log Server built:          Jun 29 2018 14:42:45 UTC
27-Sep-2018 14:29:47.835 INFO [main] org.apache.catalina.startup.VersionLoggerListener.log Server number:         8.0.53.0
27-Sep-2018 14:29:47.835 INFO [main] org.apache.catalina.startup.VersionLoggerListener.log OS Name:               Windows 10
27-Sep-2018 14:29:47.836 INFO [main] org.apache.catalina.startup.VersionLoggerListener.log OS Version:            10.0
27-Sep-2018 14:29:47.836 INFO [main] org.apache.catalina.startup.VersionLoggerListener.log Architecture:          amd64
27-Sep-2018 14:29:47.836 INFO [main] org.apache.catalina.startup.VersionLoggerListener.log Java Home:             C:\Program Files\Java\jdk1.8.0_152\jre
27-Sep-2018 14:29:47.836 INFO [main] org.apache.catalina.startup.VersionLoggerListener.log JVM Version:           1.8.0_152-b16
27-Sep-2018 14:29:47.836 INFO [main] org.apache.catalina.startup.VersionLoggerListener.log JVM Vendor:            Oracle Corporation
27-Sep-2018 14:29:47.837 INFO [main] org.apache.catalina.startup.VersionLoggerListener.log CATALINA_BASE:         C:\Users\M1044693\Desktop\apache-tomcat-8.0.53
27-Sep-2018 14:29:47.837 INFO [main] org.apache.catalina.startup.VersionLoggerListener.log CATALINA_HOME:         C:\Users\M1044693\Desktop\apache-tomcat-8.0.53
27-Sep-2018 14:29:47.837 INFO [main] org.apache.catalina.startup.VersionLoggerListener.log Command line argument: -Djava.util.logging.config.file=C:\Users\M1044693\Desktop\apache-tomcat-8.0.53\conf\logging.properties
27-Sep-2018 14:29:47.837 INFO [main] org.apache.catalina.startup.VersionLoggerListener.log Command line argument: -Djava.util.logging.manager=org.apache.juli.ClassLoaderLogManager
27-Sep-2018 14:29:47.837 INFO [main] org.apache.catalina.startup.VersionLoggerListener.log Command line argument: -Djdk.tls.ephemeralDHKeySize=2048
27-Sep-2018 14:29:47.838 INFO [main] org.apache.catalina.startup.VersionLoggerListener.log Command line argument: -Djava.protocol.handler.pkgs=org.apache.catalina.webresources
27-Sep-2018 14:29:47.838 INFO [main] org.apache.catalina.startup.VersionLoggerListener.log Command line argument: -Dignore.endorsed.dirs=
27-Sep-2018 14:29:47.838 INFO [main] org.apache.catalina.startup.VersionLoggerListener.log Command line argument: -Dcatalina.base=C:\Users\M1044693\Desktop\apache-tomcat-8.0.53
27-Sep-2018 14:29:47.839 INFO [main] org.apache.catalina.startup.VersionLoggerListener.log Command line argument: -Dcatalina.home=C:\Users\M1044693\Desktop\apache-tomcat-8.0.53
27-Sep-2018 14:29:47.840 INFO [main] org.apache.catalina.startup.VersionLoggerListener.log Command line argument: -Djava.io.tmpdir=C:\Users\M1044693\Desktop\apache-tomcat-8.0.53\temp
27-Sep-2018 14:29:47.841 INFO [main] org.apache.catalina.core.AprLifecycleListener.lifecycleEvent Loaded APR based Apache Tomcat Native library 1.2.17 using APR version 1.6.3.
27-Sep-2018 14:29:47.842 INFO [main] org.apache.catalina.core.AprLifecycleListener.lifecycleEvent APR capabilities: IPv6 [true], sendfile [true], accept filters [false], random [true].
27-Sep-2018 14:29:48.695 INFO [main] org.apache.catalina.core.AprLifecycleListener.initializeSSL OpenSSL successfully initialized (OpenSSL 1.0.2o  27 Mar 2018)
27-Sep-2018 14:29:48.829 INFO [main] org.apache.coyote.AbstractProtocol.init Initializing ProtocolHandler ["http-apr-9090"]
27-Sep-2018 14:29:48.839 INFO [main] org.apache.coyote.AbstractProtocol.init Initializing ProtocolHandler ["ajp-apr-8009"]
27-Sep-2018 14:29:48.840 INFO [main] org.apache.catalina.startup.Catalina.load Initialization processed in 1647 ms
27-Sep-2018 14:29:48.873 INFO [main] org.apache.catalina.core.StandardService.startInternal Starting service Catalina
27-Sep-2018 14:29:48.874 INFO [main] org.apache.catalina.core.StandardEngine.startInternal Starting Servlet Engine: Apache Tomcat/8.0.53
27-Sep-2018 14:29:48.893 INFO [localhost-startStop-1] org.apache.catalina.startup.HostConfig.deployDirectory Deploying web application directory C:\Users\M1044693\Desktop\apache-tomcat-8.0.53\webapps\docs
27-Sep-2018 14:29:49.386 WARNING [localhost-startStop-1] org.apache.catalina.util.SessionIdGeneratorBase.createSecureRandom Creation of SecureRandom instance for session ID generation using [SHA1PRNG] took [158] milliseconds.
27-Sep-2018 14:29:49.407 INFO [localhost-startStop-1] org.apache.catalina.startup.HostConfig.deployDirectory Deployment of web application directory C:\Users\M1044693\Desktop\apache-tomcat-8.0.53\webapps\docs has finished in 514 ms
27-Sep-2018 14:29:49.408 INFO [localhost-startStop-1] org.apache.catalina.startup.HostConfig.deployDirectory Deploying web application directory C:\Users\M1044693\Desktop\apache-tomcat-8.0.53\webapps\examples
27-Sep-2018 14:29:49.895 INFO [localhost-startStop-1] org.apache.catalina.startup.HostConfig.deployDirectory Deployment of web application directory C:\Users\M1044693\Desktop\apache-tomcat-8.0.53\webapps\examples has finished in 487 ms
27-Sep-2018 14:29:49.897 INFO [localhost-startStop-1] org.apache.catalina.startup.HostConfig.deployDirectory Deploying web application directory C:\Users\M1044693\Desktop\apache-tomcat-8.0.53\webapps\host-manager
27-Sep-2018 14:29:49.962 INFO [localhost-startStop-1] org.apache.catalina.startup.HostConfig.deployDirectory Deployment of web application directory C:\Users\M1044693\Desktop\apache-tomcat-8.0.53\webapps\host-manager has finished in 65 ms
27-Sep-2018 14:29:49.962 INFO [localhost-startStop-1] org.apache.catalina.startup.HostConfig.deployDirectory Deploying web application directory C:\Users\M1044693\Desktop\apache-tomcat-8.0.53\webapps\manager
27-Sep-2018 14:29:50.013 INFO [localhost-startStop-1] org.apache.catalina.startup.HostConfig.deployDirectory Deployment of web application directory C:\Users\M1044693\Desktop\apache-tomcat-8.0.53\webapps\manager has finished in 51 ms
27-Sep-2018 14:29:50.014 INFO [localhost-startStop-1] org.apache.catalina.startup.HostConfig.deployDirectory Deploying web application directory C:\Users\M1044693\Desktop\apache-tomcat-8.0.53\webapps\ROOT
27-Sep-2018 14:29:50.050 INFO [localhost-startStop-1] org.apache.catalina.startup.HostConfig.deployDirectory Deployment of web application directory C:\Users\M1044693\Desktop\apache-tomcat-8.0.53\webapps\ROOT has finished in 36 ms
27-Sep-2018 14:29:50.053 INFO [main] org.apache.coyote.AbstractProtocol.start Starting ProtocolHandler ["http-apr-9090"]
27-Sep-2018 14:29:50.074 INFO [main] org.apache.coyote.AbstractProtocol.start Starting ProtocolHandler ["ajp-apr-8009"]
27-Sep-2018 14:29:50.086 INFO [main] org.apache.catalina.startup.Catalina.start Server startup in 1244 ms
27-Sep-2018 14:29:50.094 SEVERE [main] org.apache.catalina.core.StandardServer.await StandardServer.await: create[localhost:8005]: 
 java.net.BindException: Address already in use: JVM_Bind
	at java.net.DualStackPlainSocketImpl.bind0(Native Method)
	at java.net.DualStackPlainSocketImpl.socketBind(DualStackPlainSocketImpl.java:106)
	at java.net.AbstractPlainSocketImpl.bind(AbstractPlainSocketImpl.java:387)
	at java.net.PlainSocketImpl.bind(PlainSocketImpl.java:190)
	at java.net.ServerSocket.bind(ServerSocket.java:375)
	at java.net.ServerSocket.<init>(ServerSocket.java:237)
	at org.apache.catalina.core.StandardServer.await(StandardServer.java:438)
	at org.apache.catalina.startup.Catalina.await(Catalina.java:729)
	at org.apache.catalina.startup.Catalina.start(Catalina.java:675)
	at sun.reflect.NativeMethodAccessorImpl.invoke0(Native Method)
	at sun.reflect.NativeMethodAccessorImpl.invoke(NativeMethodAccessorImpl.java:62)
	at sun.reflect.DelegatingMethodAccessorImpl.invoke(DelegatingMethodAccessorImpl.java:43)
	at java.lang.reflect.Method.invoke(Method.java:498)
	at org.apache.catalina.startup.Bootstrap.start(Bootstrap.java:349)
	at org.apache.catalina.startup.Bootstrap.main(Bootstrap.java:483)

27-Sep-2018 14:29:50.096 INFO [main] org.apache.coyote.AbstractProtocol.pause Pausing ProtocolHandler ["http-apr-9090"]
27-Sep-2018 14:29:50.155 INFO [main] org.apache.coyote.AbstractProtocol.pause Pausing ProtocolHandler ["ajp-apr-8009"]
27-Sep-2018 14:29:50.211 INFO [main] org.apache.catalina.core.StandardService.stopInternal Stopping service Catalina
27-Sep-2018 14:29:50.300 INFO [main] org.apache.coyote.AbstractProtocol.stop Stopping ProtocolHandler ["http-apr-9090"]
27-Sep-2018 14:29:50.359 INFO [main] org.apache.coyote.AbstractProtocol.stop Stopping ProtocolHandler ["ajp-apr-8009"]
27-Sep-2018 14:29:50.417 INFO [main] org.apache.coyote.AbstractProtocol.destroy Destroying ProtocolHandler ["http-apr-9090"]
27-Sep-2018 14:29:50.420 INFO [main] org.apache.coyote.AbstractProtocol.destroy Destroying ProtocolHandler ["ajp-apr-8009"]
27-Sep-2018 14:31:04.616 INFO [main] org.apache.catalina.startup.VersionLoggerListener.log Server version:        Apache Tomcat/8.0.53
27-Sep-2018 14:31:04.621 INFO [main] org.apache.catalina.startup.VersionLoggerListener.log Server built:          Jun 29 2018 14:42:45 UTC
27-Sep-2018 14:31:04.621 INFO [main] org.apache.catalina.startup.VersionLoggerListener.log Server number:         8.0.53.0
27-Sep-2018 14:31:04.621 INFO [main] org.apache.catalina.startup.VersionLoggerListener.log OS Name:               Windows 10
27-Sep-2018 14:31:04.622 INFO [main] org.apache.catalina.startup.VersionLoggerListener.log OS Version:            10.0
27-Sep-2018 14:31:04.622 INFO [main] org.apache.catalina.startup.VersionLoggerListener.log Architecture:          amd64
27-Sep-2018 14:31:04.622 INFO [main] org.apache.catalina.startup.VersionLoggerListener.log Java Home:             C:\Program Files\Java\jdk1.8.0_152\jre
27-Sep-2018 14:31:04.622 INFO [main] org.apache.catalina.startup.VersionLoggerListener.log JVM Version:           1.8.0_152-b16
27-Sep-2018 14:31:04.623 INFO [main] org.apache.catalina.startup.VersionLoggerListener.log JVM Vendor:            Oracle Corporation
27-Sep-2018 14:31:04.623 INFO [main] org.apache.catalina.startup.VersionLoggerListener.log CATALINA_BASE:         C:\Users\M1044693\Desktop\apache-tomcat-8.0.53
27-Sep-2018 14:31:04.623 INFO [main] org.apache.catalina.startup.VersionLoggerListener.log CATALINA_HOME:         C:\Users\M1044693\Desktop\apache-tomcat-8.0.53
27-Sep-2018 14:31:04.624 INFO [main] org.apache.catalina.startup.VersionLoggerListener.log Command line argument: -Djava.util.logging.config.file=C:\Users\M1044693\Desktop\apache-tomcat-8.0.53\conf\logging.properties
27-Sep-2018 14:31:04.624 INFO [main] org.apache.catalina.startup.VersionLoggerListener.log Command line argument: -Djava.util.logging.manager=org.apache.juli.ClassLoaderLogManager
27-Sep-2018 14:31:04.624 INFO [main] org.apache.catalina.startup.VersionLoggerListener.log Command line argument: -Djdk.tls.ephemeralDHKeySize=2048
27-Sep-2018 14:31:04.625 INFO [main] org.apache.catalina.startup.VersionLoggerListener.log Command line argument: -Djava.protocol.handler.pkgs=org.apache.catalina.webresources
27-Sep-2018 14:31:04.625 INFO [main] org.apache.catalina.startup.VersionLoggerListener.log Command line argument: -Dignore.endorsed.dirs=
27-Sep-2018 14:31:04.625 INFO [main] org.apache.catalina.startup.VersionLoggerListener.log Command line argument: -Dcatalina.base=C:\Users\M1044693\Desktop\apache-tomcat-8.0.53
27-Sep-2018 14:31:04.626 INFO [main] org.apache.catalina.startup.VersionLoggerListener.log Command line argument: -Dcatalina.home=C:\Users\M1044693\Desktop\apache-tomcat-8.0.53
27-Sep-2018 14:31:04.626 INFO [main] org.apache.catalina.startup.VersionLoggerListener.log Command line argument: -Djava.io.tmpdir=C:\Users\M1044693\Desktop\apache-tomcat-8.0.53\temp
27-Sep-2018 14:31:04.628 INFO [main] org.apache.catalina.core.AprLifecycleListener.lifecycleEvent Loaded APR based Apache Tomcat Native library 1.2.17 using APR version 1.6.3.
27-Sep-2018 14:31:04.628 INFO [main] org.apache.catalina.core.AprLifecycleListener.lifecycleEvent APR capabilities: IPv6 [true], sendfile [true], accept filters [false], random [true].
27-Sep-2018 14:31:05.390 INFO [main] org.apache.catalina.core.AprLifecycleListener.initializeSSL OpenSSL successfully initialized (OpenSSL 1.0.2o  27 Mar 2018)
27-Sep-2018 14:31:05.537 INFO [main] org.apache.coyote.AbstractProtocol.init Initializing ProtocolHandler ["http-apr-9999"]
27-Sep-2018 14:31:05.555 INFO [main] org.apache.coyote.AbstractProtocol.init Initializing ProtocolHandler ["ajp-apr-8009"]
27-Sep-2018 14:31:05.558 INFO [main] org.apache.catalina.startup.Catalina.load Initialization processed in 1443 ms
27-Sep-2018 14:31:05.602 INFO [main] org.apache.catalina.core.StandardService.startInternal Starting service Catalina
27-Sep-2018 14:31:05.605 INFO [main] org.apache.catalina.core.StandardEngine.startInternal Starting Servlet Engine: Apache Tomcat/8.0.53
27-Sep-2018 14:31:05.635 INFO [localhost-startStop-1] org.apache.catalina.startup.HostConfig.deployDirectory Deploying web application directory C:\Users\M1044693\Desktop\apache-tomcat-8.0.53\webapps\docs
27-Sep-2018 14:31:06.129 WARNING [localhost-startStop-1] org.apache.catalina.util.SessionIdGeneratorBase.createSecureRandom Creation of SecureRandom instance for session ID generation using [SHA1PRNG] took [162] milliseconds.
27-Sep-2018 14:31:06.150 INFO [localhost-startStop-1] org.apache.catalina.startup.HostConfig.deployDirectory Deployment of web application directory C:\Users\M1044693\Desktop\apache-tomcat-8.0.53\webapps\docs has finished in 515 ms
27-Sep-2018 14:31:06.151 INFO [localhost-startStop-1] org.apache.catalina.startup.HostConfig.deployDirectory Deploying web application directory C:\Users\M1044693\Desktop\apache-tomcat-8.0.53\webapps\examples
27-Sep-2018 14:31:06.684 INFO [localhost-startStop-1] org.apache.catalina.startup.HostConfig.deployDirectory Deployment of web application directory C:\Users\M1044693\Desktop\apache-tomcat-8.0.53\webapps\examples has finished in 533 ms
27-Sep-2018 14:31:06.685 INFO [localhost-startStop-1] org.apache.catalina.startup.HostConfig.deployDirectory Deploying web application directory C:\Users\M1044693\Desktop\apache-tomcat-8.0.53\webapps\host-manager
27-Sep-2018 14:31:06.729 INFO [localhost-startStop-1] org.apache.catalina.startup.HostConfig.deployDirectory Deployment of web application directory C:\Users\M1044693\Desktop\apache-tomcat-8.0.53\webapps\host-manager has finished in 44 ms
27-Sep-2018 14:31:06.730 INFO [localhost-startStop-1] org.apache.catalina.startup.HostConfig.deployDirectory Deploying web application directory C:\Users\M1044693\Desktop\apache-tomcat-8.0.53\webapps\manager
27-Sep-2018 14:31:06.780 INFO [localhost-startStop-1] org.apache.catalina.startup.HostConfig.deployDirectory Deployment of web application directory C:\Users\M1044693\Desktop\apache-tomcat-8.0.53\webapps\manager has finished in 49 ms
27-Sep-2018 14:31:06.782 INFO [localhost-startStop-1] org.apache.catalina.startup.HostConfig.deployDirectory Deploying web application directory C:\Users\M1044693\Desktop\apache-tomcat-8.0.53\webapps\ROOT
27-Sep-2018 14:31:06.813 INFO [localhost-startStop-1] org.apache.catalina.startup.HostConfig.deployDirectory Deployment of web application directory C:\Users\M1044693\Desktop\apache-tomcat-8.0.53\webapps\ROOT has finished in 31 ms
27-Sep-2018 14:31:06.816 INFO [main] org.apache.coyote.AbstractProtocol.start Starting ProtocolHandler ["http-apr-9999"]
27-Sep-2018 14:31:06.838 INFO [main] org.apache.coyote.AbstractProtocol.start Starting ProtocolHandler ["ajp-apr-8009"]
27-Sep-2018 14:31:06.850 INFO [main] org.apache.catalina.startup.Catalina.start Server startup in 1291 ms
27-Sep-2018 14:31:06.858 SEVERE [main] org.apache.catalina.core.StandardServer.await StandardServer.await: create[localhost:8005]: 
 java.net.BindException: Address already in use: JVM_Bind
	at java.net.DualStackPlainSocketImpl.bind0(Native Method)
	at java.net.DualStackPlainSocketImpl.socketBind(DualStackPlainSocketImpl.java:106)
	at java.net.AbstractPlainSocketImpl.bind(AbstractPlainSocketImpl.java:387)
	at java.net.PlainSocketImpl.bind(PlainSocketImpl.java:190)
	at java.net.ServerSocket.bind(ServerSocket.java:375)
	at java.net.ServerSocket.<init>(ServerSocket.java:237)
	at org.apache.catalina.core.StandardServer.await(StandardServer.java:438)
	at org.apache.catalina.startup.Catalina.await(Catalina.java:729)
	at org.apache.catalina.startup.Catalina.start(Catalina.java:675)
	at sun.reflect.NativeMethodAccessorImpl.invoke0(Native Method)
	at sun.reflect.NativeMethodAccessorImpl.invoke(NativeMethodAccessorImpl.java:62)
	at sun.reflect.DelegatingMethodAccessorImpl.invoke(DelegatingMethodAccessorImpl.java:43)
	at java.lang.reflect.Method.invoke(Method.java:498)
	at org.apache.catalina.startup.Bootstrap.start(Bootstrap.java:349)
	at org.apache.catalina.startup.Bootstrap.main(Bootstrap.java:483)

27-Sep-2018 14:31:06.860 INFO [main] org.apache.coyote.AbstractProtocol.pause Pausing ProtocolHandler ["http-apr-9999"]
27-Sep-2018 14:31:06.920 INFO [main] org.apache.coyote.AbstractProtocol.pause Pausing ProtocolHandler ["ajp-apr-8009"]
27-Sep-2018 14:31:06.976 INFO [main] org.apache.catalina.core.StandardService.stopInternal Stopping service Catalina
27-Sep-2018 14:31:07.072 INFO [main] org.apache.coyote.AbstractProtocol.stop Stopping ProtocolHandler ["http-apr-9999"]
27-Sep-2018 14:31:07.131 INFO [main] org.apache.coyote.AbstractProtocol.stop Stopping ProtocolHandler ["ajp-apr-8009"]
27-Sep-2018 14:31:07.188 INFO [main] org.apache.coyote.AbstractProtocol.destroy Destroying ProtocolHandler ["http-apr-9999"]
27-Sep-2018 14:31:07.190 INFO [main] org.apache.coyote.AbstractProtocol.destroy Destroying ProtocolHandler ["ajp-apr-8009"]
27-Sep-2018 14:38:08.575 INFO [main] org.apache.catalina.startup.VersionLoggerListener.log Server version:        Apache Tomcat/8.0.53
27-Sep-2018 14:38:08.578 INFO [main] org.apache.catalina.startup.VersionLoggerListener.log Server built:          Jun 29 2018 14:42:45 UTC
27-Sep-2018 14:38:08.579 INFO [main] org.apache.catalina.startup.VersionLoggerListener.log Server number:         8.0.53.0
27-Sep-2018 14:38:08.580 INFO [main] org.apache.catalina.startup.VersionLoggerListener.log OS Name:               Windows 10
27-Sep-2018 14:38:08.580 INFO [main] org.apache.catalina.startup.VersionLoggerListener.log OS Version:            10.0
27-Sep-2018 14:38:08.580 INFO [main] org.apache.catalina.startup.VersionLoggerListener.log Architecture:          amd64
27-Sep-2018 14:38:08.580 INFO [main] org.apache.catalina.startup.VersionLoggerListener.log Java Home:             C:\Program Files\Java\jdk1.8.0_152\jre
27-Sep-2018 14:38:08.580 INFO [main] org.apache.catalina.startup.VersionLoggerListener.log JVM Version:           1.8.0_152-b16
27-Sep-2018 14:38:08.580 INFO [main] org.apache.catalina.startup.VersionLoggerListener.log JVM Vendor:            Oracle Corporation
27-Sep-2018 14:38:08.580 INFO [main] org.apache.catalina.startup.VersionLoggerListener.log CATALINA_BASE:         C:\Users\M1044693\Desktop\apache-tomcat-8.0.53
27-Sep-2018 14:38:08.580 INFO [main] org.apache.catalina.startup.VersionLoggerListener.log CATALINA_HOME:         C:\Users\M1044693\Desktop\apache-tomcat-8.0.53
27-Sep-2018 14:38:08.581 INFO [main] org.apache.catalina.startup.VersionLoggerListener.log Command line argument: -Djava.util.logging.config.file=C:\Users\M1044693\Desktop\apache-tomcat-8.0.53\conf\logging.properties
27-Sep-2018 14:38:08.581 INFO [main] org.apache.catalina.startup.VersionLoggerListener.log Command line argument: -Djava.util.logging.manager=org.apache.juli.ClassLoaderLogManager
27-Sep-2018 14:38:08.581 INFO [main] org.apache.catalina.startup.VersionLoggerListener.log Command line argument: -Djdk.tls.ephemeralDHKeySize=2048
27-Sep-2018 14:38:08.581 INFO [main] org.apache.catalina.startup.VersionLoggerListener.log Command line argument: -Djava.protocol.handler.pkgs=org.apache.catalina.webresources
27-Sep-2018 14:38:08.581 INFO [main] org.apache.catalina.startup.VersionLoggerListener.log Command line argument: -Dignore.endorsed.dirs=
27-Sep-2018 14:38:08.581 INFO [main] org.apache.catalina.startup.VersionLoggerListener.log Command line argument: -Dcatalina.base=C:\Users\M1044693\Desktop\apache-tomcat-8.0.53
27-Sep-2018 14:38:08.582 INFO [main] org.apache.catalina.startup.VersionLoggerListener.log Command line argument: -Dcatalina.home=C:\Users\M1044693\Desktop\apache-tomcat-8.0.53
27-Sep-2018 14:38:08.583 INFO [main] org.apache.catalina.startup.VersionLoggerListener.log Command line argument: -Djava.io.tmpdir=C:\Users\M1044693\Desktop\apache-tomcat-8.0.53\temp
27-Sep-2018 14:38:08.583 INFO [main] org.apache.catalina.core.AprLifecycleListener.lifecycleEvent Loaded APR based Apache Tomcat Native library 1.2.17 using APR version 1.6.3.
27-Sep-2018 14:38:08.585 INFO [main] org.apache.catalina.core.AprLifecycleListener.lifecycleEvent APR capabilities: IPv6 [true], sendfile [true], accept filters [false], random [true].
27-Sep-2018 14:38:09.328 INFO [main] org.apache.catalina.core.AprLifecycleListener.initializeSSL OpenSSL successfully initialized (OpenSSL 1.0.2o  27 Mar 2018)
27-Sep-2018 14:38:09.461 INFO [main] org.apache.coyote.AbstractProtocol.init Initializing ProtocolHandler ["http-apr-9999"]
27-Sep-2018 14:38:09.475 INFO [main] org.apache.coyote.AbstractProtocol.init Initializing ProtocolHandler ["ajp-apr-8009"]
27-Sep-2018 14:38:09.476 INFO [main] org.apache.catalina.startup.Catalina.load Initialization processed in 1414 ms
27-Sep-2018 14:38:09.512 INFO [main] org.apache.catalina.core.StandardService.startInternal Starting service Catalina
27-Sep-2018 14:38:09.512 INFO [main] org.apache.catalina.core.StandardEngine.startInternal Starting Servlet Engine: Apache Tomcat/8.0.53
27-Sep-2018 14:38:09.532 INFO [localhost-startStop-1] org.apache.catalina.startup.HostConfig.deployDirectory Deploying web application directory C:\Users\M1044693\Desktop\apache-tomcat-8.0.53\webapps\docs
27-Sep-2018 14:38:10.032 WARNING [localhost-startStop-1] org.apache.catalina.util.SessionIdGeneratorBase.createSecureRandom Creation of SecureRandom instance for session ID generation using [SHA1PRNG] took [157] milliseconds.
27-Sep-2018 14:38:10.053 INFO [localhost-startStop-1] org.apache.catalina.startup.HostConfig.deployDirectory Deployment of web application directory C:\Users\M1044693\Desktop\apache-tomcat-8.0.53\webapps\docs has finished in 521 ms
27-Sep-2018 14:38:10.055 INFO [localhost-startStop-1] org.apache.catalina.startup.HostConfig.deployDirectory Deploying web application directory C:\Users\M1044693\Desktop\apache-tomcat-8.0.53\webapps\examples
27-Sep-2018 14:38:10.568 INFO [localhost-startStop-1] org.apache.catalina.startup.HostConfig.deployDirectory Deployment of web application directory C:\Users\M1044693\Desktop\apache-tomcat-8.0.53\webapps\examples has finished in 512 ms
27-Sep-2018 14:38:10.568 INFO [localhost-startStop-1] org.apache.catalina.startup.HostConfig.deployDirectory Deploying web application directory C:\Users\M1044693\Desktop\apache-tomcat-8.0.53\webapps\host-manager
27-Sep-2018 14:38:10.617 INFO [localhost-startStop-1] org.apache.catalina.startup.HostConfig.deployDirectory Deployment of web application directory C:\Users\M1044693\Desktop\apache-tomcat-8.0.53\webapps\host-manager has finished in 48 ms
27-Sep-2018 14:38:10.617 INFO [localhost-startStop-1] org.apache.catalina.startup.HostConfig.deployDirectory Deploying web application directory C:\Users\M1044693\Desktop\apache-tomcat-8.0.53\webapps\manager
27-Sep-2018 14:38:10.667 INFO [localhost-startStop-1] org.apache.catalina.startup.HostConfig.deployDirectory Deployment of web application directory C:\Users\M1044693\Desktop\apache-tomcat-8.0.53\webapps\manager has finished in 50 ms
27-Sep-2018 14:38:10.668 INFO [localhost-startStop-1] org.apache.catalina.startup.HostConfig.deployDirectory Deploying web application directory C:\Users\M1044693\Desktop\apache-tomcat-8.0.53\webapps\ROOT
27-Sep-2018 14:38:10.707 INFO [localhost-startStop-1] org.apache.catalina.startup.HostConfig.deployDirectory Deployment of web application directory C:\Users\M1044693\Desktop\apache-tomcat-8.0.53\webapps\ROOT has finished in 39 ms
27-Sep-2018 14:38:10.712 INFO [main] org.apache.coyote.AbstractProtocol.start Starting ProtocolHandler ["http-apr-9999"]
27-Sep-2018 14:38:10.742 INFO [main] org.apache.coyote.AbstractProtocol.start Starting ProtocolHandler ["ajp-apr-8009"]
27-Sep-2018 14:38:10.754 INFO [main] org.apache.catalina.startup.Catalina.start Server startup in 1277 ms
27-Sep-2018 14:38:10.763 SEVERE [main] org.apache.catalina.core.StandardServer.await StandardServer.await: create[localhost:8005]: 
 java.net.BindException: Address already in use: JVM_Bind
	at java.net.DualStackPlainSocketImpl.bind0(Native Method)
	at java.net.DualStackPlainSocketImpl.socketBind(DualStackPlainSocketImpl.java:106)
	at java.net.AbstractPlainSocketImpl.bind(AbstractPlainSocketImpl.java:387)
	at java.net.PlainSocketImpl.bind(PlainSocketImpl.java:190)
	at java.net.ServerSocket.bind(ServerSocket.java:375)
	at java.net.ServerSocket.<init>(ServerSocket.java:237)
	at org.apache.catalina.core.StandardServer.await(StandardServer.java:438)
	at org.apache.catalina.startup.Catalina.await(Catalina.java:729)
	at org.apache.catalina.startup.Catalina.start(Catalina.java:675)
	at sun.reflect.NativeMethodAccessorImpl.invoke0(Native Method)
	at sun.reflect.NativeMethodAccessorImpl.invoke(NativeMethodAccessorImpl.java:62)
	at sun.reflect.DelegatingMethodAccessorImpl.invoke(DelegatingMethodAccessorImpl.java:43)
	at java.lang.reflect.Method.invoke(Method.java:498)
	at org.apache.catalina.startup.Bootstrap.start(Bootstrap.java:349)
	at org.apache.catalina.startup.Bootstrap.main(Bootstrap.java:483)

27-Sep-2018 14:38:10.764 INFO [main] org.apache.coyote.AbstractProtocol.pause Pausing ProtocolHandler ["http-apr-9999"]
27-Sep-2018 14:38:10.822 INFO [main] org.apache.coyote.AbstractProtocol.pause Pausing ProtocolHandler ["ajp-apr-8009"]
27-Sep-2018 14:38:10.875 INFO [main] org.apache.catalina.core.StandardService.stopInternal Stopping service Catalina
27-Sep-2018 14:38:10.973 INFO [main] org.apache.coyote.AbstractProtocol.stop Stopping ProtocolHandler ["http-apr-9999"]
27-Sep-2018 14:38:11.042 INFO [main] org.apache.coyote.AbstractProtocol.stop Stopping ProtocolHandler ["ajp-apr-8009"]
27-Sep-2018 14:38:11.100 INFO [main] org.apache.coyote.AbstractProtocol.destroy Destroying ProtocolHandler ["http-apr-9999"]
27-Sep-2018 14:38:11.102 INFO [main] org.apache.coyote.AbstractProtocol.destroy Destroying ProtocolHandler ["ajp-apr-8009"]
27-Sep-2018 14:48:17.744 INFO [main] org.apache.catalina.startup.VersionLoggerListener.log Server version:        Apache Tomcat/8.0.53
27-Sep-2018 14:48:17.748 INFO [main] org.apache.catalina.startup.VersionLoggerListener.log Server built:          Jun 29 2018 14:42:45 UTC
27-Sep-2018 14:48:17.748 INFO [main] org.apache.catalina.startup.VersionLoggerListener.log Server number:         8.0.53.0
27-Sep-2018 14:48:17.748 INFO [main] org.apache.catalina.startup.VersionLoggerListener.log OS Name:               Windows 10
27-Sep-2018 14:48:17.749 INFO [main] org.apache.catalina.startup.VersionLoggerListener.log OS Version:            10.0
27-Sep-2018 14:48:17.749 INFO [main] org.apache.catalina.startup.VersionLoggerListener.log Architecture:          amd64
27-Sep-2018 14:48:17.749 INFO [main] org.apache.catalina.startup.VersionLoggerListener.log Java Home:             C:\Program Files\Java\jdk1.8.0_152\jre
27-Sep-2018 14:48:17.749 INFO [main] org.apache.catalina.startup.VersionLoggerListener.log JVM Version:           1.8.0_152-b16
27-Sep-2018 14:48:17.749 INFO [main] org.apache.catalina.startup.VersionLoggerListener.log JVM Vendor:            Oracle Corporation
27-Sep-2018 14:48:17.749 INFO [main] org.apache.catalina.startup.VersionLoggerListener.log CATALINA_BASE:         C:\Users\M1044693\Desktop\apache-tomcat-8.0.53
27-Sep-2018 14:48:17.750 INFO [main] org.apache.catalina.startup.VersionLoggerListener.log CATALINA_HOME:         C:\Users\M1044693\Desktop\apache-tomcat-8.0.53
27-Sep-2018 14:48:17.750 INFO [main] org.apache.catalina.startup.VersionLoggerListener.log Command line argument: -Djava.util.logging.config.file=C:\Users\M1044693\Desktop\apache-tomcat-8.0.53\conf\logging.properties
27-Sep-2018 14:48:17.750 INFO [main] org.apache.catalina.startup.VersionLoggerListener.log Command line argument: -Djava.util.logging.manager=org.apache.juli.ClassLoaderLogManager
27-Sep-2018 14:48:17.750 INFO [main] org.apache.catalina.startup.VersionLoggerListener.log Command line argument: -Djdk.tls.ephemeralDHKeySize=2048
27-Sep-2018 14:48:17.750 INFO [main] org.apache.catalina.startup.VersionLoggerListener.log Command line argument: -Djava.protocol.handler.pkgs=org.apache.catalina.webresources
27-Sep-2018 14:48:17.751 INFO [main] org.apache.catalina.startup.VersionLoggerListener.log Command line argument: -Dignore.endorsed.dirs=
27-Sep-2018 14:48:17.751 INFO [main] org.apache.catalina.startup.VersionLoggerListener.log Command line argument: -Dcatalina.base=C:\Users\M1044693\Desktop\apache-tomcat-8.0.53
27-Sep-2018 14:48:17.751 INFO [main] org.apache.catalina.startup.VersionLoggerListener.log Command line argument: -Dcatalina.home=C:\Users\M1044693\Desktop\apache-tomcat-8.0.53
27-Sep-2018 14:48:17.752 INFO [main] org.apache.catalina.startup.VersionLoggerListener.log Command line argument: -Djava.io.tmpdir=C:\Users\M1044693\Desktop\apache-tomcat-8.0.53\temp
27-Sep-2018 14:48:17.753 INFO [main] org.apache.catalina.core.AprLifecycleListener.lifecycleEvent Loaded APR based Apache Tomcat Native library 1.2.17 using APR version 1.6.3.
27-Sep-2018 14:48:17.755 INFO [main] org.apache.catalina.core.AprLifecycleListener.lifecycleEvent APR capabilities: IPv6 [true], sendfile [true], accept filters [false], random [true].
27-Sep-2018 14:48:18.762 INFO [main] org.apache.catalina.core.AprLifecycleListener.initializeSSL OpenSSL successfully initialized (OpenSSL 1.0.2o  27 Mar 2018)
27-Sep-2018 14:48:18.903 INFO [main] org.apache.coyote.AbstractProtocol.init Initializing ProtocolHandler ["http-apr-9999"]
27-Sep-2018 14:48:18.919 INFO [main] org.apache.coyote.AbstractProtocol.init Initializing ProtocolHandler ["ajp-apr-8009"]
27-Sep-2018 14:48:18.921 INFO [main] org.apache.catalina.startup.Catalina.load Initialization processed in 1711 ms
27-Sep-2018 14:48:18.969 INFO [main] org.apache.catalina.core.StandardService.startInternal Starting service Catalina
27-Sep-2018 14:48:18.969 INFO [main] org.apache.catalina.core.StandardEngine.startInternal Starting Servlet Engine: Apache Tomcat/8.0.53
27-Sep-2018 14:48:18.990 INFO [localhost-startStop-1] org.apache.catalina.startup.HostConfig.deployDirectory Deploying web application directory C:\Users\M1044693\Desktop\apache-tomcat-8.0.53\webapps\docs
27-Sep-2018 14:48:19.523 WARNING [localhost-startStop-1] org.apache.catalina.util.SessionIdGeneratorBase.createSecureRandom Creation of SecureRandom instance for session ID generation using [SHA1PRNG] took [161] milliseconds.
27-Sep-2018 14:48:19.549 INFO [localhost-startStop-1] org.apache.catalina.startup.HostConfig.deployDirectory Deployment of web application directory C:\Users\M1044693\Desktop\apache-tomcat-8.0.53\webapps\docs has finished in 559 ms
27-Sep-2018 14:48:19.550 INFO [localhost-startStop-1] org.apache.catalina.startup.HostConfig.deployDirectory Deploying web application directory C:\Users\M1044693\Desktop\apache-tomcat-8.0.53\webapps\examples
27-Sep-2018 14:48:20.106 INFO [localhost-startStop-1] org.apache.catalina.startup.HostConfig.deployDirectory Deployment of web application directory C:\Users\M1044693\Desktop\apache-tomcat-8.0.53\webapps\examples has finished in 556 ms
27-Sep-2018 14:48:20.107 INFO [localhost-startStop-1] org.apache.catalina.startup.HostConfig.deployDirectory Deploying web application directory C:\Users\M1044693\Desktop\apache-tomcat-8.0.53\webapps\host-manager
27-Sep-2018 14:48:20.167 INFO [localhost-startStop-1] org.apache.catalina.startup.HostConfig.deployDirectory Deployment of web application directory C:\Users\M1044693\Desktop\apache-tomcat-8.0.53\webapps\host-manager has finished in 60 ms
27-Sep-2018 14:48:20.168 INFO [localhost-startStop-1] org.apache.catalina.startup.HostConfig.deployDirectory Deploying web application directory C:\Users\M1044693\Desktop\apache-tomcat-8.0.53\webapps\manager
27-Sep-2018 14:48:20.215 INFO [localhost-startStop-1] org.apache.catalina.startup.HostConfig.deployDirectory Deployment of web application directory C:\Users\M1044693\Desktop\apache-tomcat-8.0.53\webapps\manager has finished in 47 ms
27-Sep-2018 14:48:20.216 INFO [localhost-startStop-1] org.apache.catalina.startup.HostConfig.deployDirectory Deploying web application directory C:\Users\M1044693\Desktop\apache-tomcat-8.0.53\webapps\ROOT
27-Sep-2018 14:48:20.253 INFO [localhost-startStop-1] org.apache.catalina.startup.HostConfig.deployDirectory Deployment of web application directory C:\Users\M1044693\Desktop\apache-tomcat-8.0.53\webapps\ROOT has finished in 37 ms
27-Sep-2018 14:48:20.257 INFO [main] org.apache.coyote.AbstractProtocol.start Starting ProtocolHandler ["http-apr-9999"]
27-Sep-2018 14:48:20.280 INFO [main] org.apache.coyote.AbstractProtocol.start Starting ProtocolHandler ["ajp-apr-8009"]
27-Sep-2018 14:48:20.293 INFO [main] org.apache.catalina.startup.Catalina.start Server startup in 1371 ms
27-Sep-2018 14:48:20.302 SEVERE [main] org.apache.catalina.core.StandardServer.await StandardServer.await: create[localhost:8005]: 
 java.net.BindException: Address already in use: JVM_Bind
	at java.net.DualStackPlainSocketImpl.bind0(Native Method)
	at java.net.DualStackPlainSocketImpl.socketBind(DualStackPlainSocketImpl.java:106)
	at java.net.AbstractPlainSocketImpl.bind(AbstractPlainSocketImpl.java:387)
	at java.net.PlainSocketImpl.bind(PlainSocketImpl.java:190)
	at java.net.ServerSocket.bind(ServerSocket.java:375)
	at java.net.ServerSocket.<init>(ServerSocket.java:237)
	at org.apache.catalina.core.StandardServer.await(StandardServer.java:438)
	at org.apache.catalina.startup.Catalina.await(Catalina.java:729)
	at org.apache.catalina.startup.Catalina.start(Catalina.java:675)
	at sun.reflect.NativeMethodAccessorImpl.invoke0(Native Method)
	at sun.reflect.NativeMethodAccessorImpl.invoke(NativeMethodAccessorImpl.java:62)
	at sun.reflect.DelegatingMethodAccessorImpl.invoke(DelegatingMethodAccessorImpl.java:43)
	at java.lang.reflect.Method.invoke(Method.java:498)
	at org.apache.catalina.startup.Bootstrap.start(Bootstrap.java:349)
	at org.apache.catalina.startup.Bootstrap.main(Bootstrap.java:483)

27-Sep-2018 14:48:20.303 INFO [main] org.apache.coyote.AbstractProtocol.pause Pausing ProtocolHandler ["http-apr-9999"]
27-Sep-2018 14:48:20.359 INFO [main] org.apache.coyote.AbstractProtocol.pause Pausing ProtocolHandler ["ajp-apr-8009"]
27-Sep-2018 14:48:20.365 INFO [main] org.apache.catalina.core.StandardService.stopInternal Stopping service Catalina
27-Sep-2018 14:48:20.445 INFO [main] org.apache.coyote.AbstractProtocol.stop Stopping ProtocolHandler ["http-apr-9999"]
27-Sep-2018 14:48:20.498 INFO [main] org.apache.coyote.AbstractProtocol.stop Stopping ProtocolHandler ["ajp-apr-8009"]
27-Sep-2018 14:48:20.555 INFO [main] org.apache.coyote.AbstractProtocol.destroy Destroying ProtocolHandler ["http-apr-9999"]
27-Sep-2018 14:48:20.556 INFO [main] org.apache.coyote.AbstractProtocol.destroy Destroying ProtocolHandler ["ajp-apr-8009"]
27-Sep-2018 14:56:35.318 INFO [main] org.apache.catalina.startup.VersionLoggerListener.log Server version:        Apache Tomcat/8.0.53
27-Sep-2018 14:56:35.321 INFO [main] org.apache.catalina.startup.VersionLoggerListener.log Server built:          Jun 29 2018 14:42:45 UTC
27-Sep-2018 14:56:35.322 INFO [main] org.apache.catalina.startup.VersionLoggerListener.log Server number:         8.0.53.0
27-Sep-2018 14:56:35.322 INFO [main] org.apache.catalina.startup.VersionLoggerListener.log OS Name:               Windows 10
27-Sep-2018 14:56:35.322 INFO [main] org.apache.catalina.startup.VersionLoggerListener.log OS Version:            10.0
27-Sep-2018 14:56:35.323 INFO [main] org.apache.catalina.startup.VersionLoggerListener.log Architecture:          amd64
27-Sep-2018 14:56:35.323 INFO [main] org.apache.catalina.startup.VersionLoggerListener.log Java Home:             C:\Program Files\Java\jdk1.8.0_152\jre
27-Sep-2018 14:56:35.323 INFO [main] org.apache.catalina.startup.VersionLoggerListener.log JVM Version:           1.8.0_152-b16
27-Sep-2018 14:56:35.323 INFO [main] org.apache.catalina.startup.VersionLoggerListener.log JVM Vendor:            Oracle Corporation
27-Sep-2018 14:56:35.323 INFO [main] org.apache.catalina.startup.VersionLoggerListener.log CATALINA_BASE:         C:\Users\M1044693\Desktop\apache-tomcat-8.0.53
27-Sep-2018 14:56:35.323 INFO [main] org.apache.catalina.startup.VersionLoggerListener.log CATALINA_HOME:         C:\Users\M1044693\Desktop\apache-tomcat-8.0.53
27-Sep-2018 14:56:35.324 INFO [main] org.apache.catalina.startup.VersionLoggerListener.log Command line argument: -Djava.util.logging.config.file=C:\Users\M1044693\Desktop\apache-tomcat-8.0.53\conf\logging.properties
27-Sep-2018 14:56:35.324 INFO [main] org.apache.catalina.startup.VersionLoggerListener.log Command line argument: -Djava.util.logging.manager=org.apache.juli.ClassLoaderLogManager
27-Sep-2018 14:56:35.324 INFO [main] org.apache.catalina.startup.VersionLoggerListener.log Command line argument: -Djdk.tls.ephemeralDHKeySize=2048
27-Sep-2018 14:56:35.324 INFO [main] org.apache.catalina.startup.VersionLoggerListener.log Command line argument: -Djava.protocol.handler.pkgs=org.apache.catalina.webresources
27-Sep-2018 14:56:35.324 INFO [main] org.apache.catalina.startup.VersionLoggerListener.log Command line argument: -Dignore.endorsed.dirs=
27-Sep-2018 14:56:35.325 INFO [main] org.apache.catalina.startup.VersionLoggerListener.log Command line argument: -Dcatalina.base=C:\Users\M1044693\Desktop\apache-tomcat-8.0.53
27-Sep-2018 14:56:35.325 INFO [main] org.apache.catalina.startup.VersionLoggerListener.log Command line argument: -Dcatalina.home=C:\Users\M1044693\Desktop\apache-tomcat-8.0.53
27-Sep-2018 14:56:35.326 INFO [main] org.apache.catalina.startup.VersionLoggerListener.log Command line argument: -Djava.io.tmpdir=C:\Users\M1044693\Desktop\apache-tomcat-8.0.53\temp
27-Sep-2018 14:56:35.327 INFO [main] org.apache.catalina.core.AprLifecycleListener.lifecycleEvent Loaded APR based Apache Tomcat Native library 1.2.17 using APR version 1.6.3.
27-Sep-2018 14:56:35.327 INFO [main] org.apache.catalina.core.AprLifecycleListener.lifecycleEvent APR capabilities: IPv6 [true], sendfile [true], accept filters [false], random [true].
27-Sep-2018 14:56:36.131 INFO [main] org.apache.catalina.core.AprLifecycleListener.initializeSSL OpenSSL successfully initialized (OpenSSL 1.0.2o  27 Mar 2018)
27-Sep-2018 14:56:36.271 INFO [main] org.apache.coyote.AbstractProtocol.init Initializing ProtocolHandler ["http-apr-9999"]
27-Sep-2018 14:56:36.286 INFO [main] org.apache.coyote.AbstractProtocol.init Initializing ProtocolHandler ["ajp-apr-8009"]
27-Sep-2018 14:56:36.287 INFO [main] org.apache.catalina.startup.Catalina.load Initialization processed in 1497 ms
27-Sep-2018 14:56:36.325 INFO [main] org.apache.catalina.core.StandardService.startInternal Starting service Catalina
27-Sep-2018 14:56:36.326 INFO [main] org.apache.catalina.core.StandardEngine.startInternal Starting Servlet Engine: Apache Tomcat/8.0.53
27-Sep-2018 14:56:36.347 INFO [localhost-startStop-1] org.apache.catalina.startup.HostConfig.deployDirectory Deploying web application directory C:\Users\M1044693\Desktop\apache-tomcat-8.0.53\webapps\docs
27-Sep-2018 14:56:36.888 WARNING [localhost-startStop-1] org.apache.catalina.util.SessionIdGeneratorBase.createSecureRandom Creation of SecureRandom instance for session ID generation using [SHA1PRNG] took [160] milliseconds.
27-Sep-2018 14:56:36.911 INFO [localhost-startStop-1] org.apache.catalina.startup.HostConfig.deployDirectory Deployment of web application directory C:\Users\M1044693\Desktop\apache-tomcat-8.0.53\webapps\docs has finished in 563 ms
27-Sep-2018 14:56:36.911 INFO [localhost-startStop-1] org.apache.catalina.startup.HostConfig.deployDirectory Deploying web application directory C:\Users\M1044693\Desktop\apache-tomcat-8.0.53\webapps\examples
27-Sep-2018 14:56:37.428 INFO [localhost-startStop-1] org.apache.catalina.startup.HostConfig.deployDirectory Deployment of web application directory C:\Users\M1044693\Desktop\apache-tomcat-8.0.53\webapps\examples has finished in 517 ms
27-Sep-2018 14:56:37.428 INFO [localhost-startStop-1] org.apache.catalina.startup.HostConfig.deployDirectory Deploying web application directory C:\Users\M1044693\Desktop\apache-tomcat-8.0.53\webapps\host-manager
27-Sep-2018 14:56:37.478 INFO [localhost-startStop-1] org.apache.catalina.startup.HostConfig.deployDirectory Deployment of web application directory C:\Users\M1044693\Desktop\apache-tomcat-8.0.53\webapps\host-manager has finished in 50 ms
27-Sep-2018 14:56:37.479 INFO [localhost-startStop-1] org.apache.catalina.startup.HostConfig.deployDirectory Deploying web application directory C:\Users\M1044693\Desktop\apache-tomcat-8.0.53\webapps\manager
27-Sep-2018 14:56:37.528 INFO [localhost-startStop-1] org.apache.catalina.startup.HostConfig.deployDirectory Deployment of web application directory C:\Users\M1044693\Desktop\apache-tomcat-8.0.53\webapps\manager has finished in 49 ms
27-Sep-2018 14:56:37.530 INFO [localhost-startStop-1] org.apache.catalina.startup.HostConfig.deployDirectory Deploying web application directory C:\Users\M1044693\Desktop\apache-tomcat-8.0.53\webapps\ROOT
27-Sep-2018 14:56:37.569 INFO [localhost-startStop-1] org.apache.catalina.startup.HostConfig.deployDirectory Deployment of web application directory C:\Users\M1044693\Desktop\apache-tomcat-8.0.53\webapps\ROOT has finished in 39 ms
27-Sep-2018 14:56:37.574 INFO [main] org.apache.coyote.AbstractProtocol.start Starting ProtocolHandler ["http-apr-9999"]
27-Sep-2018 14:56:37.592 INFO [main] org.apache.coyote.AbstractProtocol.start Starting ProtocolHandler ["ajp-apr-8009"]
27-Sep-2018 14:56:37.605 INFO [main] org.apache.catalina.startup.Catalina.start Server startup in 1317 ms
27-Sep-2018 14:59:20.963 INFO [Thread-3] org.apache.coyote.AbstractProtocol.pause Pausing ProtocolHandler ["http-apr-9999"]
27-Sep-2018 14:59:21.039 INFO [Thread-3] org.apache.coyote.AbstractProtocol.pause Pausing ProtocolHandler ["ajp-apr-8009"]
27-Sep-2018 14:59:21.094 INFO [Thread-3] org.apache.catalina.core.StandardService.stopInternal Stopping service Catalina
27-Sep-2018 14:59:21.188 INFO [Thread-3] org.apache.coyote.AbstractProtocol.stop Stopping ProtocolHandler ["http-apr-9999"]
27-Sep-2018 14:59:21.304 INFO [Thread-3] org.apache.coyote.AbstractProtocol.stop Stopping ProtocolHandler ["ajp-apr-8009"]
27-Sep-2018 14:59:21.364 INFO [Thread-3] org.apache.coyote.AbstractProtocol.destroy Destroying ProtocolHandler ["http-apr-9999"]
27-Sep-2018 14:59:21.367 INFO [Thread-3] org.apache.coyote.AbstractProtocol.destroy Destroying ProtocolHandler ["ajp-apr-8009"]
